{
  message: 'Database connected...',
  level: 'info',
  label: 'U-M',
  timestamp: '2023-06-09T05:02:46.530Z'
}
{
  message: 'Application listening on port 5000',
  level: 'info',
  label: 'U-M',
  timestamp: '2023-06-09T05:02:46.546Z'
}
{
  message: 'Database connected...',
  level: 'info',
  label: 'U-M',
  timestamp: '2023-06-09T05:04:46.967Z'
}
{
  message: 'Application listening on port 5000',
  level: 'info',
  label: 'U-M',
  timestamp: '2023-06-09T05:04:46.976Z'
}
{
  message: 'Database connected...',
  level: 'info',
  label: 'U-M',
  timestamp: '2023-06-09T05:04:50.501Z'
}
{
  message: 'Application listening on port 5000',
  level: 'info',
  label: 'U-M',
  timestamp: '2023-06-09T05:04:50.506Z'
}
{
  message: 'Database connected...',
  level: 'info',
  label: 'U-M',
  timestamp: '2023-06-09T05:04:53.936Z'
}
{
  message: 'Application listening on port 5000',
  level: 'info',
  label: 'U-M',
  timestamp: '2023-06-09T05:04:53.940Z'
}
{
  message: 'Database connected...',
  level: 'info',
  label: 'U-M',
  timestamp: '2023-06-09T05:04:57.873Z'
}
{
  message: 'Application listening on port 5000',
  level: 'info',
  label: 'U-M',
  timestamp: '2023-06-09T05:04:57.883Z'
}
{
  message: 'Database connected...',
  level: 'info',
  label: 'U-M',
  timestamp: '2023-06-09T05:05:00.218Z'
}
{
  message: 'Application listening on port 5000',
  level: 'info',
  label: 'U-M',
  timestamp: '2023-06-09T05:05:00.222Z'
}
{
  message: 'Database connected...',
  level: 'info',
  label: 'U-M',
  timestamp: '2023-06-09T05:05:04.896Z'
}
{
  message: 'Application listening on port 5000',
  level: 'info',
  label: 'U-M',
  timestamp: '2023-06-09T05:05:04.902Z'
}
{
  message: 'Database connected...',
  level: 'info',
  label: 'U-M',
  timestamp: '2023-06-09T05:10:21.022Z'
}
{
  message: 'Application listening on port 5000',
  level: 'info',
  label: 'U-M',
  timestamp: '2023-06-09T05:10:21.031Z'
}
{
  message: 'Database connected...',
  level: 'info',
  label: 'U-M',
  timestamp: '2023-06-09T05:10:34.328Z'
}
{
  message: 'Application listening on port 5000',
  level: 'info',
  label: 'U-M',
  timestamp: '2023-06-09T05:10:34.338Z'
}
{
  message: 'Database connected...',
  level: 'info',
  label: 'U-M',
  timestamp: '2023-06-09T05:10:39.208Z'
}
{
  message: 'Application listening on port 5000',
  level: 'info',
  label: 'U-M',
  timestamp: '2023-06-09T05:10:39.217Z'
}
{
  message: 'Database connected...',
  level: 'info',
  label: 'U-M',
  timestamp: '2023-06-09T05:10:47.172Z'
}
{
  message: 'Application listening on port 5000',
  level: 'info',
  label: 'U-M',
  timestamp: '2023-06-09T05:10:47.181Z'
}
{
  message: 'Database connected...',
  level: 'info',
  label: 'U-M',
  timestamp: '2023-06-09T05:10:51.392Z'
}
{
  message: 'Application listening on port 5000',
  level: 'info',
  label: 'U-M',
  timestamp: '2023-06-09T05:10:51.399Z'
}
{
  message: 'Database connected...',
  level: 'info',
  label: 'U-M',
  timestamp: '2023-06-09T05:10:58.204Z'
}
{
  message: 'Application listening on port 5000',
  level: 'info',
  label: 'U-M',
  timestamp: '2023-06-09T05:10:58.213Z'
}
{
  message: 'Database connected...',
  level: 'info',
  label: 'U-M',
  timestamp: '2023-06-09T05:11:02.246Z'
}
{
  message: 'Application listening on port 5000',
  level: 'info',
  label: 'U-M',
  timestamp: '2023-06-09T05:11:02.251Z'
}
{
  message: 'Database connected...',
  level: 'info',
  label: 'U-M',
  timestamp: '2023-06-09T05:11:15.387Z'
}
{
  message: 'Application listening on port 5000',
  level: 'info',
  label: 'U-M',
  timestamp: '2023-06-09T05:11:15.393Z'
}
{
  message: 'Database connected...',
  level: 'info',
  label: 'U-M',
  timestamp: '2023-06-09T05:11:22.054Z'
}
{
  message: 'Application listening on port 5000',
  level: 'info',
  label: 'U-M',
  timestamp: '2023-06-09T05:11:22.060Z'
}
{
  message: 'Database connected...',
  level: 'info',
  label: 'U-M',
  timestamp: '2023-06-09T05:14:12.666Z'
}
{
  message: 'Application listening on port 5000',
  level: 'info',
  label: 'U-M',
  timestamp: '2023-06-09T05:14:12.675Z'
}
